# JRE version: OpenJDK Runtime Environment 18.9 (11.0.11+9) (build 11.0.11+9)
# Java VM: OpenJDK 64-Bit Server VM 18.9 (11.0.11+9, mixed mode, tiered, compressed oops, g1 gc, linux-amd64)
Heap:
 garbage-first heap   total 524288K, used 53008K [0x0000000700000000, 0x0000000800000000)
  region size 1024K, 33 young (33792K), 7 survivors (7168K)
 Metaspace       used 36100K, capacity 38890K, committed 39040K, reserved 1083392K
  class space    used 3802K, capacity 4721K, committed 4736K, reserved 1048576K
GC Heap History (6 events):
Event: 1.126 GC heap before
{Heap before GC invocations=0 (full 0):
 garbage-first heap   total 524288K, used 25600K [0x0000000700000000, 0x0000000800000000)
  region size 1024K, 25 young (25600K), 0 survivors (0K)
 Metaspace       used 13772K, capacity 14067K, committed 14208K, reserved 1062912K
  class space    used 1282K, capacity 1372K, committed 1408K, reserved 1048576K
}
Event: 1.130 GC heap after
{Heap after GC invocations=1 (full 0):
 garbage-first heap   total 524288K, used 3908K [0x0000000700000000, 0x0000000800000000)
  region size 1024K, 4 young (4096K), 4 survivors (4096K)
 Metaspace       used 13772K, capacity 14067K, committed 14208K, reserved 1062912K
  class space    used 1282K, capacity 1372K, committed 1408K, reserved 1048576K
}
Event: 4.193 GC heap before
{Heap before GC invocations=1 (full 0):
 garbage-first heap   total 524288K, used 214852K [0x0000000700000000, 0x0000000800000000)
  region size 1024K, 209 young (214016K), 4 survivors (4096K)
 Metaspace       used 20094K, capacity 21087K, committed 21248K, reserved 1069056K
  class space    used 1856K, capacity 2204K, committed 2304K, reserved 1048576K
}
Event: 4.205 GC heap after
{Heap after GC invocations=2 (full 0):
 garbage-first heap   total 524288K, used 23152K [0x0000000700000000, 0x0000000800000000)
  region size 1024K, 22 young (22528K), 22 survivors (22528K)
 Metaspace       used 20094K, capacity 21087K, committed 21248K, reserved 1069056K
  class space    used 1856K, capacity 2204K, committed 2304K, reserved 1048576K
}
Event: 6.185 GC heap before
{Heap before GC invocations=3 (full 0):
 garbage-first heap   total 524288K, used 140912K [0x0000000700000000, 0x0000000800000000)
  region size 1024K, 138 young (141312K), 22 survivors (22528K)
 Metaspace       used 33255K, capacity 35775K, committed 35840K, reserved 1081344K
  class space    used 3468K, capacity 4290K, committed 4352K, reserved 1048576K
}
Event: 6.200 GC heap after
{Heap after GC invocations=4 (full 0):
 garbage-first heap   total 524288K, used 27408K [0x0000000700000000, 0x0000000800000000)
  region size 1024K, 7 young (7168K), 7 survivors (7168K)
 Metaspace       used 33255K, capacity 35775K, committed 35840K, reserved 1081344K
  class space    used 3468K, capacity 4290K, committed 4352K, reserved 1048576K
}

